0:100  0:100  MemLog inited, TSC freq: 2401149120
0:100  0:000  CPU was calibrated with RTC
0:100  0:000  
0:100  0:000  Now is 10.03.2020,  03:40:18 (GMT)
0:100  0:000  Starting Clover revision: 5103 (master, commit d28f1800) on INSYDE Corp. EFI
0:100  0:000  Build with: [Args: -D NO_GRUB_DRIVERS_EMBEDDED -t GCC53 | -D NO_GRUB_DRIVERS_EMBEDDED --conf=/Users/olarila.com/src/CloverBootloader/Conf -D USE_LOW_EBDA -a X64 -b RELEASE -t GCC53 -n 17 | OS: 10.15.3]
0:100  0:000  SelfDevicePath=PciRoot(0x0)\Pci(0x17,0x0)\Sata(0x0,0x0,0x0)\HD(1,GPT,380655C9-F32E-4DA8-A706-6D297AA6A358,0x28,0x64000) @6B089798
0:100  0:000  SelfDirPath = \EFI\BOOT
0:100  0:000  SimpleTextEx Status=Success
0:100  0:000  === [ Get Smbios ] ========================================
0:100  0:000  Type 16 Index = 0
0:100  0:000  Total Memory Slots Count = 2
0:100  0:000  Type 17 Index = 0
0:100  0:000  SmbiosTable.Type17->Speed = 2133MHz
0:100  0:000  SmbiosTable.Type17->Size = 8192MB
0:100  0:000  SmbiosTable.Type17->Bank/Device = BANK 0 Bottom-Slot 1(left) 
0:100  0:000  SmbiosTable.Type17->Vendor = Samsung
0:100  0:000  SmbiosTable.Type17->SerialNumber = 21382522
0:100  0:000  SmbiosTable.Type17->PartNumber = M471A1G43DB0-CPB    
0:100  0:000  Type 17 Index = 1
0:100  0:000  Ignoring insane frequency value 0MHz
0:100  0:000  SmbiosTable.Type17->Speed = 0MHz
0:100  0:000  SmbiosTable.Type17->Size = 0MB
0:100  0:000  SmbiosTable.Type17->Bank/Device = BANK 2 Bottom-Slot 2(right)
0:100  0:000  SmbiosTable.Type17->Vendor = <null string>
0:100  0:000  SmbiosTable.Type17->SerialNumber = <null string>
0:100  0:000  SmbiosTable.Type17->PartNumber = <null string>
0:100  0:000  Boot status=0
0:100  0:000  Running on: 'HP Pavilion Notebook' with board '820C'
0:100  0:000  === [ GetCPUProperties ] ==================================
0:100  0:000  CPU Vendor = 756E6547 Model=406E3
0:100  0:000   The CPU supported SSE4.1
0:100  0:000  BrandString = Intel(R) Core(TM) i5-6200U CPU @ 2.30GHz
0:100  0:000   The CPU supported turbo
0:100  0:000  MSR 0x35               20004
0:100  0:000   TSC/CCC Information Leaf:
0:100  0:000    numerator     : 200
0:100  0:000    denominator   : 2
0:100  0:000   Calibrated ARTFrequency: 24011491
0:100  0:000   Rounded ARTFrequency: 24000000
0:100  0:000  MSR 0xE2 before patch 7E008006
0:100  0:000  MSR 0xE2 is locked, PM patches will be turned on
0:100  0:000  MSR 0xCE              0004043D_F1011800
0:100  0:000  corrected FLEX_RATIO = 0
0:100  0:000  MSR 0x1B0             00000000
0:100  0:000  FSBFrequency = 84 MHz, DMI FSBFrequency = 100 MHz, Corrected FSBFrequency = 100 MHz
0:100  0:000  MaxDiv/MinDiv: 24.0/4
0:100  0:000  Turbo: 27/27/27/28
0:100  0:000  Features: 0xBFEBFBFF
0:100  0:000  Threads: 4
0:100  0:000  Cores: 2
0:100  0:000  FSB: 100 MHz
0:100  0:000  CPU: 2000 MHz
0:100  0:000  TSC: 2000 MHz
0:100  0:000  PIS: 100 MHz
0:100  0:000  ExternalClock: 25 MHz
0:100  0:000  === [ GetDevices ] ========================================
0:100  0:000  GOP found at: <null string>
0:100  0:000  PCI (00|00:00.00) : 8086 1904 class=060000
0:100  0:000  PCI (00|00:02.00) : 8086 1916 class=030000
0:100  0:000   - GFX: Model=Intel HD Graphics 520 (Intel)
0:100  0:000  PCI (00|00:04.00) : 8086 1903 class=118000
0:100  0:000  PCI (00|00:14.00) : 8086 9D2F class=0C0330
0:100  0:000  PCI (00|00:14.02) : 8086 9D31 class=118000
0:100  0:000  PCI (00|00:16.00) : 8086 9D3A class=078000
0:100  0:000  PCI (00|00:17.00) : 8086 9D03 class=010601
0:100  0:000  PCI (00|00:1C.00) : 8086 9D10 class=060400
0:100  0:000  PCI (00|01:00.00) : 10DE 134D class=030200
0:100  0:000  PCI (00|00:1C.04) : 8086 9D14 class=060400
0:100  0:000  PCI (00|02:00.00) : 10EC 522A class=FF0000
0:100  0:000  PCI (00|00:1C.05) : 8086 9D15 class=060400
0:100  0:000  PCI (00|03:00.00) : 10EC 8136 class=020000
0:100  0:000   - LAN: 0 Vendor=Realtek
0:100  0:000  PCI (00|00:1D.00) : 8086 9D1B class=060400
0:101  0:000  PCI (00|04:00.00) : 8086 3165 class=028000
0:101  0:000   - WIFI: Vendor=Intel
0:101  0:000  PCI (00|00:1F.00) : 8086 9D48 class=060100
0:101  0:000  PCI (00|00:1F.02) : 8086 9D21 class=058000
0:101  0:000  PCI (00|00:1F.03) : 8086 9D70 class=040300
0:101  0:000  PCI (00|00:1F.04) : 8086 9D23 class=0C0500
0:101  0:000  === [ GetDefaultSettings ] ================================
0:101  0:000  Clover load options size = 0 bytes
0:173  0:072  CheckOEMPathExists tried EFI\CLOVER\OEM\HP Pavilion Notebook--00-00-00-00-00-00. Dir not exists
0:173  0:000  CheckOEMPathExists tried EFI\CLOVER\OEM\820C\UEFI. Dir not exists
0:173  0:000  CheckOEMPathExists tried EFI\CLOVER\OEM\HP Pavilion Notebook. Dir not exists
0:173  0:000  CheckOEMPathExists tried EFI\CLOVER\OEM\HP Pavilion Notebook-2000. Dir not exists
0:173  0:000  CheckOEMPathExists tried EFI\CLOVER\OEM\820C. Dir not exists
0:173  0:000  CheckOEMPathExists tried EFI\CLOVER\OEM\820C-2000. Dir not exists
0:173  0:000  set OEMPath by default: EFI\CLOVER
0:184  0:010  EFI\CLOVER\config.plist loaded: Success
0:184  0:000  === [ GetListOfThemes ] ===================================
0:184  0:000  === [ Found config plists ] ===============================
0:184  0:000  - config.plist
0:184  0:000  === [ GetEarlyUserSettings ] ==============================
0:184  0:000  timeout set to -1
0:184  0:000  Custom boot CUSTOM_BOOT_DISABLED (0x0)
0:184  0:000  ForceKextsToLoad: 1 requested
0:184  0:000   - [0]: System\Library\Extensions\IOGraphicsFamily.kext
0:184  0:000  KextsToPatch: 9 requested
0:184  0:000   - [00]: com.apple.driver.usb.AppleUSBXHCIPCI (USB port limit patch) :: MatchOS: 10.11.x :: BinPatch :: data len: 7
0:184  0:000   - [01]: com.apple.driver.usb.AppleUSBXHCIPCI (USB port limit patch) :: MatchOS: 10.12.x :: BinPatch :: data len: 7
0:184  0:000   - [02]: com.apple.driver.usb.AppleUSBXHCI (USB port limit patch by PMHeart) :: MatchOS: 10.13.x :: BinPatch :: data len: 10
0:184  0:000   - [03]: com.apple.iokit.IOUSBHostFamily (USB port limit patch #1 10.14.x modify by DalianSky(credit ydeng)) :: MatchOS: 10.14.x :: BinPatch :: data len: 4
0:184  0:000   - [04]: com.apple.iokit.IOUSBHostFamily (USB port limit patch #2 10.14.x modify by DalianSky(credit PMHeart)) :: MatchOS: 10.14.x :: BinPatch :: data len: 4
0:184  0:000   - [05]: com.apple.driver.usb.AppleUSBXHCI (USB Port limit patch #3 10.14.x modify by DalianSky(credits PMheart)) :: MatchOS: 10.14.x :: BinPatch :: data len: 4
0:184  0:000   - [06]: com.apple.driver.usb.AppleUSBXHCI (USB Port limit patch #4 10.14.x modify by DalianSky(credits PMheart)) :: MatchOS: 10.14.x :: BinPatch :: data len: 4
0:184  0:000   - [07]: com.apple.iokit.IOUSBHostFamily (USB Port limit patch #1(credits PMheart)) :: MatchOS: 10.15.x :: BinPatch :: data len: 4
0:184  0:000   - [08]: com.apple.driver.usb.AppleUSBXHCI (USB Port limit patch #2(credits PMheart)) :: MatchOS: 10.15.x :: BinPatch :: data len: 4
0:184  0:000  Default theme: embedded
0:184  0:000  Hiding entries with string Preboot
0:184  0:000  Hiding entries with string Legacy
0:184  0:000  === [ LoadDrivers ] =======================================
0:185  0:000  Loading FwRuntimeServices.efi  status=Success
0:187  0:001  Loading HFSPlus.efi  status=Success
0:189  0:001   - driver needs connecting
0:189  0:000  Loading OcQuirks.efi  status=Success
0:191  0:002  Loading ApfsDriverLoader.efi  status=Success
0:193  0:002   - driver needs connecting
0:193  0:000  2 drivers needs connecting ...
0:193  0:000  PlatformDriverOverrideProtocol->GetDriver overriden
0:193  0:000  HFS+ driver loaded
0:193  0:000  APFS driver loaded
0:193  0:000  Searching for invalid DiskIo BY_DRIVER connects: not found, all ok
1:202  1:009  === [ InitScreen ] ========================================
1:202  0:000  Console modes reported: 6, available modes:
1:202  0:000   - [01]: 80x25
1:202  0:000   - [03]: 80x25
1:202  0:000   - [04]: 170x40 (current mode)
1:202  0:000   - [05]: 100x31
1:202  0:000   - [06]: 128x40
1:202  0:000  SetScreenResolution: 1366x768 - already set
1:202  0:000  SetScreenResolution: 1366x768 - already set
1:202  0:000  reinit: self device path=PciRoot(0x0)\Pci(0x17,0x0)\Sata(0x0,0x0,0x0)\HD(1,GPT,380655C9-F32E-4DA8-A706-6D297AA6A358,0x28,0x64000)
1:203  0:000  === [ GetMacAddress ] =====================================
1:203  0:000  MAC address of LAN #0= A0:8C:FD:22:4E:A7:
1:203  0:000  === [ ScanSPD ] ===========================================
1:203  0:000  Scanning SMBus [8086:9D23], mmio: 0xA4335004, ioport: 0x5040, hostc: 0x11
1:221  0:018  Slot: 0 Type 26 8192MB 2132MHz Vendor=Samsung PartNo=M471A1G43DB0-CPB SerialNo=010502060F0D0E02
1:222  0:001  === [ GetAcpiTablesList ] =================================
1:222  0:000  Get Acpi Tables List from RSDT:
1:222  0:000   - [00]: FACP  SLIC-MPC len=244
1:222  0:000   - [01]: TCPA  820C     len=50
1:222  0:000   - [02]: UEFI  820C     len=566
1:222  0:000   - [03]: UEFI  820C     len=66
1:222  0:000   - [04]: SSDT  820C     len=1207
1:222  0:000   - [05]: SSDT  820C     len=75
1:222  0:000   - [06]: TPM2  820C     len=52
1:222  0:000   - [07]: SSDT  820C     len=28301
1:222  0:000   - [08]: MSDM  SLIC-MPC len=85
1:222  0:000   - [09]: SSDT  820C     len=20064
1:222  0:000   - [10]: SSDT  820C     len=13659
1:222  0:000   - [11]: DBGP  820C     len=52
1:222  0:000   - [12]: DBG2  820C     len=84
1:222  0:000   - [13]: ASF!  820C     len=165
1:222  0:000   - [14]: ASPT  820C     len=52
1:222  0:000   - [15]: BOOT  820C     len=40
1:222  0:000   - [16]: DBGP  820C     len=52
1:222  0:000   - [17]: HPET  820C     len=56
1:222  0:000   - [18]: LPIT  820C     len=148
1:222  0:000   - [19]: APIC  820C     len=188
1:222  0:000   - [20]: MCFG  820C     len=60
1:222  0:000   - [21]: SSDT  820C     len=724
1:222  0:000   - [22]: SSDT  820C     len=11182
1:222  0:000   - [23]: SSDT  820C     len=3699
1:222  0:000   - [24]: SSDT  820C     len=14205
1:222  0:000   - [25]: DMAR  820C     len=168
1:222  0:000   - [26]: FPDT  SLIC-MPC len=68
1:222  0:000   - [27]: BGRT  820C     len=56
1:222  0:000  Calibrated TSC Frequency = 2401149120 = 2401MHz
1:222  0:000  === [ GetUserSettings ] ===================================
1:222  0:000  USB FixOwnership: yes
1:222  0:000   - final DSDT Fix mask=10000000
1:222  0:000  PatchesDSDT: 9 requested
1:222  0:000   - [00]: (GFX0 to IGPU) lenToFind: 4, lenToReplace: 4, Target Bridge: <null string>
1:222  0:000   - [01]: (HDAS to HDEF) lenToFind: 4, lenToReplace: 4, Target Bridge: <null string>
1:222  0:000   - [02]: (HECI to IMEI) lenToFind: 4, lenToReplace: 4, Target Bridge: <null string>
1:222  0:000   - [03]: (SAT0 to SATA) lenToFind: 4, lenToReplace: 4, Target Bridge: <null string>
1:222  0:000   - [04]: (GLAN to GIGE) lenToFind: 4, lenToReplace: 4, Target Bridge: <null string>
1:222  0:000   - [05]: (Fix bug SKL+) lenToFind: 8, lenToReplace: 8, Target Bridge: <null string>
1:222  0:000   - [06]: (H_EC to EC) lenToFind: 4, lenToReplace: 4, Target Bridge: <null string>
1:222  0:000    patch disabled at config
1:222  0:000   - [07]: (EC0 to EC) lenToFind: 4, lenToReplace: 4, Target Bridge: <null string>
1:222  0:000    patch disabled at config
1:222  0:000   - [08]: (ECDV to EC) lenToFind: 4, lenToReplace: 4, Target Bridge: <null string>
1:222  0:000    patch disabled at config
1:223  0:000  Using ProductName from clover: MacBookPro13,1
1:223  0:000  BiosVersion: not set, Using BiosVersion from clover
1:223  0:000  BiosVersion: MBP131.88Z.F000.B00.1912161653
1:223  0:000  BiosReleaseDate: 12/16/2019
1:223  0:000  Using EfiVersion from clover: 242.0.0.0.0
1:223  0:000  Using FirmwareFeatures from clover: 0xFC0FE176
1:223  0:000  Using FirmwareFeaturesMask from clover: 0xFF1FFF7F
1:223  0:000  Using PlatformFeature from clover: 0x1A
1:223  0:000  === [ Found DSDT tables ] =================================
1:987  0:764  === [ ScanVolumes ] =======================================
1:987  0:000  Found 9 volumes with blockIO
1:987  0:000  - [00]: Volume: PciRoot(0x0)\Pci(0x17,0x0)\Sata(0x0,0x0,0x0)
1:998  0:011  - [01]: Volume: PciRoot(0x0)\Pci(0x17,0x0)\Sata(0x0,0x0,0x0)\HD(1,GPT,380655C9-F32E-4DA8-A706-6D297AA6A358,0x28,0x64000)
1:998  0:000          Result of bootcode detection: bootable unknown (legacy)
1:999  0:000          This is SelfVolume !!
1:999  0:000  - [02]: Volume: PciRoot(0x0)\Pci(0x17,0x0)\Sata(0x0,0x0,0x0)\HD(2,GPT,8B6DAB5F-EF01-4D5D-B34B-9E144F4C8297,0x64028,0x3A321FE0)
2:009  0:010          Result of bootcode detection: bootable unknown (legacy)
2:009  0:000          hiding this volume
2:009  0:000  - [03]: Volume: PciRoot(0x0)\Pci(0x17,0x0)\Sata(0x1,0x0,0x0)
2:009  0:000          Found optical drive
2:067  0:057  Detected name LINUX
2:067  0:000          Found Linux DVD
2:067  0:000          Result of bootcode detection: bootable unknown (linux)
2:067  0:000  - [04]: Volume: PciRoot(0x0)\Pci(0x17,0x0)\Sata(0x1,0x0,0x0)\CDROM(0x0)
2:067  0:000          Found optical drive
2:124  0:057  - [05]: Volume: PciRoot(0x0)\Pci(0x17,0x0)\Sata(0x0,0x0,0x0)\HD(2,GPT,8B6DAB5F-EF01-4D5D-B34B-9E144F4C8297,0x64028,0x3A321FE0)\VenMedia(BE74FCF7-0B7C-49F3-9147-01F4042E6842,05DEB0B6A0FC4B43A07521A0ED34B1E5)
2:125  0:000          hiding this volume
2:125  0:000  - [06]: Volume: PciRoot(0x0)\Pci(0x17,0x0)\Sata(0x0,0x0,0x0)\HD(2,GPT,8B6DAB5F-EF01-4D5D-B34B-9E144F4C8297,0x64028,0x3A321FE0)\VenMedia(BE74FCF7-0B7C-49F3-9147-01F4042E6842,76698BB66796E34290CA3AD168BBE13A)
2:125  0:000  - [07]: Volume: PciRoot(0x0)\Pci(0x17,0x0)\Sata(0x0,0x0,0x0)\HD(2,GPT,8B6DAB5F-EF01-4D5D-B34B-9E144F4C8297,0x64028,0x3A321FE0)\VenMedia(BE74FCF7-0B7C-49F3-9147-01F4042E6842,209E18823E023147882F88A9132EFCE2)
2:125  0:000  - [08]: Volume: PciRoot(0x0)\Pci(0x17,0x0)\Sata(0x0,0x0,0x0)\HD(2,GPT,8B6DAB5F-EF01-4D5D-B34B-9E144F4C8297,0x64028,0x3A321FE0)\VenMedia(BE74FCF7-0B7C-49F3-9147-01F4042E6842,27091C1A72995F4AA372B83C9FAF59A6)
2:125  0:000  No AudioIoProtocols, status=Not Found
2:125  0:000  === [ InitTheme ] =========================================
2:125  0:000  use night theme
2:125  0:000   using embedded theme
2:125  0:000  got embedded sound
2:125  0:000    Channels: 2  Sample rate: 8000 Hz  Bits: 16
2:125  0:000  output to channel 0 with volume 70, len=25600
2:125  0:000   sound channels=2 bits=16 freq=8000
2:126  0:000  sound converted to 48kHz
2:126  0:000  not found AudioIo to play
2:126  0:000  sound play end with status=Not Found
2:127  0:000  Using embedded font: Success
2:128  0:000  theme inited
2:128  0:000  Chosen embedded theme
2:128  0:000  found boot-args in NVRAM:kext-dev-mode=1, size=16
2:128  0:000  ...found arg:kext-dev-mode=1
2:128  0:000  ...adding arg:kext-dev-mode=1
2:128  0:000  after NVRAM boot-args=dart=0 kext-dev-mode=1 
2:128  0:000  === [ Dump SMC keys from NVRAM ] ==========================
2:128  0:000  no AppleSMC protocol
2:147  0:019  === [ ScanLoader ] ========================================
2:147  0:000  - [01]: 'EFI'
2:147  0:000          AddLoaderEntry for Volume Name=EFI
2:147  0:000          skipped because entry is hidden
2:147  0:000  - [05]: 'Preboot', hidden
2:147  0:000  - [06]: 'Macintosh-HD'
2:516  0:368          AddLoaderEntry for Volume Name=Macintosh-HD
2:552  0:035      hibernated: set as never
2:553  0:001  - [07]: 'Recovery'
2:554  0:000          AddLoaderEntry for Volume Name=Recovery
2:575  0:021  - [08]: 'VM'
2:575  0:000  Scanning legacy ...
2:575  0:000   3: 'LINUX' (linux) add legacy
2:576  0:000   added 'Boot Legacy OS from LINUX' OSType=4 Icon=linux
2:576  0:000  === [ AddCustomTool ] =====================================
2:576  0:000  Checking EFI partition Volume 1 for Clover
2:576  0:000   Found Clover
2:577  0:001  === [ GetEfiBootDeviceFromNvram ] =========================
2:577  0:000   - efi-boot-device-data: PciRoot(0x0)\Pci(0x17,0x0)\Sata(0x0,0x0,0x0)\HD(2,GPT,8B6DAB5F-EF01-4D5D-B34B-9E144F4C8297,0x64028,0x3A321FE0)\VenMedia(BE74FCF7-0B7C-49F3-9147-01F4042E6842,76698BB66796E34290CA3AD168BBE13A)
2:577  0:000    - Volume: 'PciRoot(0x0)\Pci(0x17,0x0)\Sata(0x0,0x0,0x0)\HD(2,GPT,8B6DAB5F-EF01-4D5D-B34B-9E144F4C8297,0x64028,0x3A321FE0)\VenMedia(BE74FCF7-0B7C-49F3-9147-01F4042E6842,76698BB66796E34290CA3AD168BBE13A)'
2:577  0:000    - LoaderPath: '<null string>'
2:577  0:000    - Guid = 8B6DAB5F-EF01-4D5D-B34B-9E144F4C8297
2:577  0:000  === [ FindStartupDiskVolume ] =============================
2:577  0:000    - Volume: partition = PciRoot(0x0)\Pci(0x17,0x0)\Sata(0x0,0x0,0x0)\HD(2,GPT,8B6DAB5F-EF01-4D5D-B34B-9E144F4C8297,0x64028,0x3A321FE0)\VenMedia(BE74FCF7-0B7C-49F3-9147-01F4042E6842,76698BB66796E34290CA3AD168BBE13A)
2:577  0:000     - searching for that partition
2:577  0:000      - found entry 0. 'Boot macOS from Macintosh-HD', Volume 'Macintosh-HD'
2:577  0:000  Boot redirected to Entry 0. 'Boot macOS from Macintosh-HD'
2:577  0:000  DefaultIndex=0 and MainMenu.EntryCount=8
2:624  0:046  GUI ready
9:863  7:239  exit from MainMenu 1
9:863  0:000  BootVariable of the entry is empty
9:863  0:000  SetStartupDiskVolume:
9:863  0:000    * Volume: 'LINUX'
9:863  0:000    * LoaderPath: '<null string>'
9:863  0:000    * DevPath: LINUX
9:863  0:000    * GUID = <null guid>
9:908  0:044  CDROMBoot: Booting LBA 47 @7C00 L2000
